Determining if the include file pthread.h exists failed with the following output:
Change Dir: D:/_School/2018-2019/Periode 2 + 3/Source/unitea3d/build/CMakeFiles/CMakeTmp

Run Build Command:"C:/Program Files (x86)/Microsoft Visual Studio/2017/Community/MSBuild/15.0/Bin/MSBuild.exe" "cmTC_c672d.vcxproj" "/p:Configuration=Debug" "/p:Platform=Win32" "/p:VisualStudioVersion=15.0"
Microsoft (R) Build Engine version 15.9.20+g88f5fadfbe for .NET Framework
Copyright (C) Microsoft Corporation. All rights reserved.

Build started 21/11/2018 21:25:26.
Project "D:\_School\2018-2019\Periode 2 + 3\Source\unitea3d\build\CMakeFiles\CMakeTmp\cmTC_c672d.vcxproj" on node 1 (default targets).
PrepareForBuild:
  Creating directory "cmTC_c672d.dir\Debug\".
  Creating directory "D:\_School\2018-2019\Periode 2 + 3\Source\unitea3d\build\CMakeFiles\CMakeTmp\Debug\".
  Creating directory "cmTC_c672d.dir\Debug\cmTC_c672d.tlog\".
InitializeBuildStatus:
  Creating "cmTC_c672d.dir\Debug\cmTC_c672d.tlog\unsuccessfulbuild" because "AlwaysCreate" was specified.
ClCompile:
  C:\Program Files (x86)\Microsoft Visual Studio\2017\Community\VC\Tools\MSVC\14.16.27023\bin\HostX86\x86\CL.exe /c /Zi /W3 /WX- /diagnostics:classic /Od /Ob0 /Oy- /D WIN32 /D _WINDOWS /D "CMAKE_INTDIR=\"Debug\"" /D _MBCS /Gm- /RTC1 /MDd /GS /fp:precise /Zc:wchar_t /Zc:forScope /Zc:inline /Fo"cmTC_c672d.dir\Debug\\" /Fd"cmTC_c672d.dir\Debug\vc141.pdb" /Gd /TC /analyze- /errorReport:queue "D:\_School\2018-2019\Periode 2 + 3\Source\unitea3d\build\CMakeFiles\CMakeTmp\CheckIncludeFile.c"
  Microsoft (R) C/C++ Optimizing Compiler Version 19.16.27023.1 for x86
  Copyright (C) Microsoft Corporation.  All rights reserved.
  
  cl /c /Zi /W3 /WX- /diagnostics:classic /Od /Ob0 /Oy- /D WIN32 /D _WINDOWS /D "CMAKE_INTDIR=\"Debug\"" /D _MBCS /Gm- /RTC1 /MDd /GS /fp:precise /Zc:wchar_t /Zc:forScope /Zc:inline /Fo"cmTC_c672d.dir\Debug\\" /Fd"cmTC_c672d.dir\Debug\vc141.pdb" /Gd /TC /analyze- /errorReport:queue "D:\_School\2018-2019\Periode 2 + 3\Source\unitea3d\build\CMakeFiles\CMakeTmp\CheckIncludeFile.c"
  CheckIncludeFile.c
  
D:\_School\2018-2019\Periode 2 + 3\Source\unitea3d\build\CMakeFiles\CMakeTmp\CheckIncludeFile.c(1): fatal error C1083: Cannot open include file: 'pthread.h': No such file or directory [D:\_School\2018-2019\Periode 2 + 3\Source\unitea3d\build\CMakeFiles\CMakeTmp\cmTC_c672d.vcxproj]
Done Building Project "D:\_School\2018-2019\Periode 2 + 3\Source\unitea3d\build\CMakeFiles\CMakeTmp\cmTC_c672d.vcxproj" (default targets) -- FAILED.

Build FAILED.

"D:\_School\2018-2019\Periode 2 + 3\Source\unitea3d\build\CMakeFiles\CMakeTmp\cmTC_c672d.vcxproj" (default target) (1) ->
(ClCompile target) -> 
  D:\_School\2018-2019\Periode 2 + 3\Source\unitea3d\build\CMakeFiles\CMakeTmp\CheckIncludeFile.c(1): fatal error C1083: Cannot open include file: 'pthread.h': No such file or directory [D:\_School\2018-2019\Periode 2 + 3\Source\unitea3d\build\CMakeFiles\CMakeTmp\cmTC_c672d.vcxproj]

    0 Warning(s)
    1 Error(s)

Time Elapsed 00:00:00.52


